<?xml version="1.0" encoding="UTF-8"?>
<!-- Generated by org.testng.reporters.JUnitReportReporter -->
<testsuite hostname="ATMECSINLT-269" name="com.qa.automation.mystoreapp.testscript.NewCustomerRegistration" tests="2" failures="0" timestamp="30 Mar 2020 16:59:36 GMT" time="31.522" errors="0">
  <testcase name="RegisterMember" time="16.282" classname="com.qa.automation.mystoreapp.testscript.NewCustomerRegistration"/>
  <testcase name="RegisterMember" time="15.240" classname="com.qa.automation.mystoreapp.testscript.NewCustomerRegistration"/>
</testsuite> <!-- com.qa.automation.mystoreapp.testscript.NewCustomerRegistration -->
