<?xml version="1.0" encoding="UTF-8"?>
<!-- Generated by org.testng.reporters.JUnitReportReporter -->
<testsuite hostname="ATMECSINLT-269" name="com.qa.automation.mystoreapp.testscript.MyStoreApplication" tests="3" failures="0" timestamp="27 Mar 2020 09:40:08 GMT" time="72.176" errors="0">
  <testcase name="performCheckout" time="12.171" classname="com.qa.automation.mystoreapp.testscript.MyStoreApplication"/>
  <testcase name="selectProductItem" time="15.560" classname="com.qa.automation.mystoreapp.testscript.MyStoreApplication"/>
  <testcase name="signIntoMyStore" time="44.445" classname="com.qa.automation.mystoreapp.testscript.MyStoreApplication"/>
</testsuite> <!-- com.qa.automation.mystoreapp.testscript.MyStoreApplication -->
