<?xml version="1.0" encoding="UTF-8"?>
<!-- Generated by org.testng.reporters.JUnitReportReporter -->
<testsuite hostname="ATMECSINLT-269" name="com.qa.automation.mystoreapp.testscript.MyStoreLogin" tests="1" failures="0" timestamp="27 Mar 2020 06:04:14 GMT" time="23.258" errors="0">
  <testcase name="signIntoMyStore" time="23.258" classname="com.qa.automation.mystoreapp.testscript.MyStoreLogin"/>
</testsuite> <!-- com.qa.automation.mystoreapp.testscript.MyStoreLogin -->
