<?xml version="1.0" encoding="UTF-8"?>
<!-- Generated by org.testng.reporters.JUnitReportReporter -->
<testsuite hostname="ATMECSINLT-269" name="com.qa.automation.mystoreapp.testscript.MyStoreOrder" tests="4" failures="0" timestamp="30 Mar 2020 15:37:15 GMT" time="119.680" errors="0">
  <testcase name="signIntoMyStore" time="57.229" classname="com.qa.automation.mystoreapp.testscript.MyStoreOrder"/>
  <testcase name="confirmOrder" time="6.271" classname="com.qa.automation.mystoreapp.testscript.MyStoreOrder"/>
  <testcase name="addToCart" time="35.457" classname="com.qa.automation.mystoreapp.testscript.MyStoreOrder"/>
  <testcase name="performCheckout" time="20.723" classname="com.qa.automation.mystoreapp.testscript.MyStoreOrder"/>
</testsuite> <!-- com.qa.automation.mystoreapp.testscript.MyStoreOrder -->
